<?xml version="1.0" encoding="UTF-8"?>
<!-- Generated by org.testng.reporters.JUnitXMLReporter -->
<testsuite ignored="2" hostname="Veena-Manjunath" failures="0" tests="10" name="Test" time="211.102" errors="0" timestamp="2024-12-11T13:29:28 IST">
  <testcase classname="com.comCast.crm.documentstest.testscripts" name="craeteleads" time="11.305"/>
  <testcase classname="com.comCast.crm.documentstest.testscripts" name="createdocuments" time="11.95"/>
  <testcase classname="com.comCast.crm.documentstest.testscripts" name="createproduct" time="10.226"/>
  <testcase classname="com.comCast.crm.documentstest.testscripts" name="createvendor" time="9.708"/>
  <testcase classname="com.comCast.crm.contacttest.CreateContactPractiseTest" name="createContactWithOrg" time="28.572"/>
  <testcase classname="com.comCast.crm.contacttest.CreateContactPractiseTest" name="createContactWithSupportDate" time="13.593"/>
  <testcase classname="com.comCast.crm.contacttest.CreateContactPractiseTest" name="createcontactTest" time="10.769"/>
  <testcase classname="com.comCast.crm.orgtest.CreateOrganizationTest" name="createOrgWithIndustry" time="13.201"/>
  <testcase classname="com.comCast.crm.orgtest.CreateOrganizationTest" name="createOrgWithPhnumber" time="13.016"/>
  <testcase classname="com.comCast.crm.orgtest.CreateOrganizationTest" name="createOrganazationTest" time="12.178"/>
  <testcase classname="com.comCast.crm.BaseClassTest.BaseClass1" name="@AfterSuite afterSuit" time="0.0">
    <ignored/>
  </testcase> <!-- @AfterSuite afterSuit -->
  <testcase classname="com.comCast.crm.BaseClassTest.BaseClass1" name="@BeforeSuite beforeSuitConfig" time="0.0">
    <ignored/>
  </testcase> <!-- @BeforeSuite beforeSuitConfig -->
</testsuite> <!-- Test -->
