<?xml version="1.0" encoding="UTF-8"?>
<!-- Generated by org.testng.reporters.JUnitXMLReporter -->
<testsuite ignored="0" hostname="Veena-Manjunath" failures="0" tests="3" name="TestRunner-edge" time="14.25" errors="0" timestamp="2024-11-30T14:29:38 IST">
  <testcase classname="com.comCast.crm.contacttest.CreateContactPractiseTest" name="createContactWithOrg" time="0.0">
    <skipped/>
  </testcase> <!-- createContactWithOrg -->
  <testcase classname="com.comCast.crm.contacttest.CreateContactPractiseTest" name="createContactWithSupportDate" time="0.001">
    <skipped/>
  </testcase> <!-- createContactWithSupportDate -->
  <testcase classname="com.comCast.crm.contacttest.CreateContactPractiseTest" name="createcontactTest" time="0.0">
    <skipped/>
  </testcase> <!-- createcontactTest -->
</testsuite> <!-- TestRunner-edge -->
