<?xml version="1.0" encoding="UTF-8"?>
<!-- Generated by org.testng.reporters.JUnitXMLReporter -->
<testsuite ignored="1" hostname="Veena-Manjunath" failures="1" tests="1" name="Default test(failed)" time="13.916" errors="0" timestamp="2024-12-04T16:08:20 IST">
  <testcase classname="com.comCast.crm.vendortest.createInvoice" name="createInvoiceTest" time="0.151">
    <failure type="java.lang.AssertionError" message="expected [login] but found [Administrator - Home - vtiger CRM 5 - Commercial Open Source CRM]">
      <![CDATA[java.lang.AssertionError: expected [login] but found [Administrator - Home - vtiger CRM 5 - Commercial Open Source CRM]
at com.comCast.crm.vendortest.createInvoice.createInvoiceTest(createInvoice.java:17)
at java.base/java.util.ArrayList.forEach(ArrayList.java:1511)
... Removed 33 stack frames]]>
    </failure>
  </testcase> <!-- createInvoiceTest -->
  <testcase classname="com.comCast.crm.vendortest.createInvoice" name="createInvoicewithTest" time="0.0">
    <ignored/>
  </testcase> <!-- createInvoicewithTest -->
</testsuite> <!-- Default test(failed) -->
